<?xml version="1.0" encoding="UTF-8"?>
<testng-results skipped="0" failed="0" ignored="0" total="3" passed="3">
  <reporter-output>
  </reporter-output>
  <suite name="Surefire suite" duration-ms="9196" started-at="2021-06-09T20:06:06 NZST" finished-at="2021-06-09T20:06:15 NZST">
    <groups>
    </groups>
    <test name="Surefire test" duration-ms="9196" started-at="2021-06-09T20:06:06 NZST" finished-at="2021-06-09T20:06:15 NZST">
      <class name="tests.TestCases">
        <test-method status="PASS" signature="case1_NameCarbonCredit()[pri:0, instance:[TestCases passed=0 failed=0 skipped=0]]" name="case1_NameCarbonCredit" duration-ms="8566" started-at="2021-06-09T20:06:06 NZST" finished-at="2021-06-09T20:06:15 NZST">
          <reporter-output>
          </reporter-output>
        </test-method> <!-- case1_NameCarbonCredit -->
        <test-method status="PASS" signature="case2_CanRelist()[pri:0, instance:[TestCases passed=0 failed=0 skipped=0]]" name="case2_CanRelist" duration-ms="245" started-at="2021-06-09T20:06:15 NZST" finished-at="2021-06-09T20:06:15 NZST">
          <reporter-output>
          </reporter-output>
        </test-method> <!-- case2_CanRelist -->
        <test-method status="PASS" signature="case_RecordsgetAll()[pri:0, instance:[TestCases passed=0 failed=0 skipped=0]]" name="case_RecordsgetAll" duration-ms="281" started-at="2021-06-09T20:06:15 NZST" finished-at="2021-06-09T20:06:15 NZST">
          <reporter-output>
          </reporter-output>
        </test-method> <!-- case_RecordsgetAll -->
      </class> <!-- tests.TestCases -->
    </test> <!-- Surefire test -->
  </suite> <!-- Surefire suite -->
</testng-results>
