<?xml version="1.0" encoding="UTF-8"?>
<!-- Generated by org.testng.reporters.JUnitXMLReporter -->
<testsuite hostname="KAL14X500SA" ignored="0" name="Surefire test" tests="3" failures="0" timestamp="2021-06-09T20:06:15 NZST" time="9.196" errors="0">
  <testcase name="case1_NameCarbonCredit on [TestCases passed=0 failed=0 skipped=0]" time="8.566" classname="tests.TestCases"/>
  <testcase name="case2_CanRelist on [TestCases passed=0 failed=0 skipped=0]" time="0.245" classname="tests.TestCases"/>
  <testcase name="case_RecordsgetAll on [TestCases passed=0 failed=0 skipped=0]" time="0.281" classname="tests.TestCases"/>
</testsuite> <!-- Surefire test -->
