<?xml version="1.0" encoding="UTF-8"?>
<!-- Generated by org.testng.reporters.JUnitXMLReporter -->
<testsuite hostname="KAL14X500SA" ignored="0" name="Surefire test" tests="4" failures="0" timestamp="2021-06-11T15:32:12 NZST" time="8.012" errors="0">
  <testcase name="case_RecordsgetAll" time="0.467" classname="tests.TestCases"/>
  <testcase name="case1_NameCarbonCredit" time="1.462" classname="tests.TestCases"/>
  <testcase name="case2_CanRelist" time="0.072" classname="tests.TestCases"/>
  <testcase name="case3_Name_equal_Gallery_has_a_Description_that_contains_the_text_2x_larger_image" time="0.152" classname="tests.TestCases"/>
</testsuite> <!-- Surefire test -->
