<?xml version="1.0" encoding="UTF-8"?>
<!-- Generated by org.testng.reporters.JUnitXMLReporter -->
<testsuite hostname="KAL14X500SA" ignored="0" name="Command line test" tests="4" failures="1" timestamp="24 May 2021 01:24:06 GMT" time="11.91" errors="0">
  <testcase name="case1_NameCarbonCredit on [TestCases passed=0 failed=0 skipped=0]" time="9.352" classname="tests.TestCases"/>
  <testcase name="case1_RecordsgetAll on [TestCases passed=0 failed=0 skipped=0]" time="0.323" classname="tests.TestCases"/>
  <testcase name="case2_CanRelist on [TestCases passed=0 failed=0 skipped=0]" time="1.376" classname="tests.TestCases"/>
  <testcase name="case3_Name_equal_Gallery_has_a_Description_that_contains_the_text_2x_larger_image on [TestCases passed=0 failed=0 skipped=0]" time="0.455" classname="tests.TestCases">
    <failure type="java.lang.NullPointerException">
      <![CDATA[java.lang.NullPointerException
at tests.TestCases.case3_Name_equal_Gallery_has_a_Description_that_contains_the_text_2x_larger_image(TestCases.java:69)
... Removed 35 stack frames]]>
    </failure>
  </testcase> <!-- case3_Name_equal_Gallery_has_a_Description_that_contains_the_text_2x_larger_image on [TestCases passed=0 failed=0 skipped=0] -->
</testsuite> <!-- Command line test -->
