<?xml version="1.0" encoding="UTF-8"?>
<!-- Generated by org.testng.reporters.JUnitXMLReporter -->
<testsuite hostname="KAL14X500SA" ignored="0" name="Default test" tests="4" failures="1" timestamp="2021-05-24T13:13:48 NZST" time="7.94" errors="0">
  <testcase name="case1_NameCarbonCredit on [TestCases passed=0 failed=0 skipped=0]" time="7.21" classname="tests.TestCases"/>
  <testcase name="case1_RecordsgetAll on [TestCases passed=0 failed=0 skipped=0]" time="0.203" classname="tests.TestCases"/>
  <testcase name="case2_CanRelist on [TestCases passed=0 failed=0 skipped=0]" time="0.219" classname="tests.TestCases"/>
  <testcase name="case3_Name_equal_Gallery_has_a_Description_that_contains_the_text_2x_larger_image on [TestCases passed=0 failed=0 skipped=0]" time="0.0" classname="tests.TestCases">
    <failure type="java.lang.Error" message="Unresolved compilation problems: 
	Type mismatch: cannot convert from String to int
	image cannot be resolved to a type
	objectType cannot be resolved to a variable
	Syntax error on token &amp;quot;)&amp;quot;, delete this token
">
      <![CDATA[java.lang.Error: Unresolved compilation problems: 
Type mismatch: cannot convert from String to int
image cannot be resolved to a type
objectType cannot be resolved to a variable
Syntax error on token ")", delete this token

at tests.TestCases.case3_Name_equal_Gallery_has_a_Description_that_contains_the_text_2x_larger_image(TestCases.java:68)
at sun.reflect.NativeMethodAccessorImpl.invoke0(Native Method)
at sun.reflect.NativeMethodAccessorImpl.invoke(NativeMethodAccessorImpl.java:62)
at sun.reflect.DelegatingMethodAccessorImpl.invoke(DelegatingMethodAccessorImpl.java:43)
at java.lang.reflect.Method.invoke(Method.java:498)
at org.testng.internal.MethodInvocationHelper.invokeMethod(MethodInvocationHelper.java:135)
at org.testng.internal.TestInvoker.invokeMethod(TestInvoker.java:598)
at org.testng.internal.TestInvoker.invokeTestMethod(TestInvoker.java:174)
at org.testng.internal.MethodRunner.runInSequence(MethodRunner.java:46)
at org.testng.internal.TestInvoker$MethodInvocationAgent.invoke(TestInvoker.java:821)
at org.testng.internal.TestInvoker.invokeTestMethods(TestInvoker.java:147)
at org.testng.internal.TestMethodWorker.invokeTestMethods(TestMethodWorker.java:146)
at org.testng.internal.TestMethodWorker.run(TestMethodWorker.java:128)
at java.util.ArrayList.forEach(ArrayList.java:1257)
at org.testng.TestRunner.privateRun(TestRunner.java:767)
at org.testng.TestRunner.run(TestRunner.java:588)
at org.testng.SuiteRunner.runTest(SuiteRunner.java:384)
at org.testng.SuiteRunner.runSequentially(SuiteRunner.java:378)
at org.testng.SuiteRunner.privateRun(SuiteRunner.java:337)
at org.testng.SuiteRunner.run(SuiteRunner.java:286)
at org.testng.SuiteRunnerWorker.runSuite(SuiteRunnerWorker.java:53)
at org.testng.SuiteRunnerWorker.run(SuiteRunnerWorker.java:96)
at org.testng.TestNG.runSuitesSequentially(TestNG.java:1214)
at org.testng.TestNG.runSuitesLocally(TestNG.java:1136)
at org.testng.TestNG.runSuites(TestNG.java:1066)
at org.testng.TestNG.run(TestNG.java:1034)
at org.testng.remote.AbstractRemoteTestNG.run(AbstractRemoteTestNG.java:115)
at org.testng.remote.RemoteTestNG.initAndRun(RemoteTestNG.java:251)
at org.testng.remote.RemoteTestNG.main(RemoteTestNG.java:77)
]]>
    </failure>
  </testcase> <!-- case3_Name_equal_Gallery_has_a_Description_that_contains_the_text_2x_larger_image on [TestCases passed=0 failed=0 skipped=0] -->
</testsuite> <!-- Default test -->
