<?xml version="1.0" encoding="UTF-8"?>
<testsuite xmlns:xsi="http://www.w3.org/2001/XMLSchema-instance" xsi:noNamespaceSchemaLocation="https://maven.apache.org/surefire/maven-surefire-plugin/xsd/surefire-test-report.xsd" name="TestSuite" time="22.799" tests="4" errors="0" skipped="0" failures="0">
  <properties>
[...]
</properties>
  <testcase name="case_RecordsgetAll" classname="tests.TestCases" time="0.488"/>
  <testcase name="case1_NameCarbonCredit" classname="tests.TestCases" time="1.462"/>
  <testcase name="case2_CanRelist" classname="tests.TestCases" time="0.072"/>
  <testcase name="case3_Name_equal_Gallery_has_a_Description_that_contains_the_text_2x_larger_image" classname="tests.TestCases" time="0.151"/>
</testsuite>