<?xml version="1.0" encoding="UTF-8" ?>
<testsuite tests="5" failures="1" name="TestSuite" time="12.02" errors="0" skipped="0">
  <properties>
[...]
</properties>
  <testcase classname="tests.TestCases" name="case1_NameCarbonCredit on [TestCases passed=0 failed=0 skipped=0]" time="9.711"/>
  <testcase classname="tests.TestCases" name="case1_RecordsgetAll on [TestCases passed=0 failed=0 skipped=0]" time="0.03"/>
  <testcase classname="tests.TestCases" name="case2_CanRelist on [TestCases passed=0 failed=0 skipped=0]" time="1.767"/>
  <testcase classname="tests.TestCases" name="case3_Name_equal_Gallery_has_a_Description_that_contains_the_text_2x_larger_image on [TestCases passed=0 failed=0 skipped=0]" time="0.512">
    <failure type="java.lang.NullPointerException">java.lang.NullPointerException
	at tests.TestCases.case3_Name_equal_Gallery_has_a_Description_that_contains_the_text_2x_larger_image(TestCases.java:69)
</failure>
    <system-out>
	on test case3_Name_equal_Gallery_has_a_Description_that_contains_the_text_2x_larger_image on [TestCases passed=0 failed=0 skipped=0]Start...16
case3...
...test..case3_Name_equal_Gallery_has_a_Description_that_contains_the_text_2x_larger_image on [TestCases passed=0 failed=0 skipped=0] on failure...

	test ==..case3_Name_equal_Gallery_has_a_Description_that_contains_the_text_2x_larger_image on [TestCases passed=0 failed=0 skipped=0]   2
Response recieved is:{&quot;CategoryId&quot;:6327,&quot;Name&quot;:&quot;Carbon credits&quot;,&quot;Path&quot;:&quot;\/Business-farming-industry\/Carbon-credits&quot;,&quot;CanListAuctions&quot;:true,&quot;CanListClassifieds&quot;:true,&quot;CanRelist&quot;:true,&quot;LegalNotice&quot;:&quot;Compliance Declaration\u000aI confirm that these carbon credits are certified and registered with a carbon credits registry. &quot;,&quot;DefaultDuration&quot;:14,&quot;AllowedDurations&quot;:[2,3,4,5,6,7,10,14],&quot;Fees&quot;:{&quot;Bundle&quot;:15.0000,&quot;EndDate&quot;:0.2500,&quot;Feature&quot;:10.0000,&quot;Gallery&quot;:2.0000,&quot;Listing&quot;:29.0000,&quot;Reserve&quot;:0.2500,&quot;Subtitle&quot;:0.5500,&quot;TenDays&quot;:0.2500,&quot;ListingFeeTiers&quot;:[{&quot;MinimumTierPrice&quot;:0,&quot;FixedFee&quot;:29.00}],&quot;SecondCategory&quot;:0.9900},&quot;FreePhotoCount&quot;:20,&quot;MaximumPhotoCount&quot;:20,&quot;IsFreeToRelist&quot;:true,&quot;Promotions&quot;:[{&quot;Id&quot;:1,&quot;Name&quot;:&quot;Basic&quot;,&quot;Description&quot;:&quot;Lowest position in category&quot;,&quot;Price&quot;:0.0000,&quot;MinimumPhotoCount&quot;:0},{&quot;Id&quot;:2,&quot;Name&quot;:&quot;Gallery&quot;,&quot;Description&quot;:&quot;Good position in category&quot;,&quot;Price&quot;:2.0000,&quot;OriginalPrice&quot;:2.0000,&quot;MinimumPhotoCount&quot;:0},{&quot;Id&quot;:3,&quot;Name&quot;:&quot;Feature&quot;,&quot;Description&quot;:&quot;Better position in category&quot;,&quot;Price&quot;:10.0000,&quot;OriginalPrice&quot;:10.0000,&quot;Recommended&quot;:true,&quot;MinimumPhotoCount&quot;:0},{&quot;Id&quot;:4,&quot;Name&quot;:&quot;Feature Combo&quot;,&quot;Description&quot;:&quot;Best position in category \u000aIncludes benefits of Feature \u000aHighlights listing in search results&quot;,&quot;Price&quot;:15.0000,&quot;OriginalPrice&quot;:15.0000,&quot;MinimumPhotoCount&quot;:0}],&quot;EmbeddedContentOptions&quot;:[],&quot;MaximumTitleLength&quot;:80,&quot;AreaOfBusiness&quot;:1,&quot;DefaultRelistDuration&quot;:7}
</system-out>
  </testcase>
  <testcase classname="testAutomationAPI.testAutomationAPI.AppTest" name="testApp on testApp(testAutomationAPI.testAutomationAPI.AppTest)" time="0"/>
</testsuite>