<?xml version="1.0" encoding="UTF-8"?>
<!-- Generated by org.testng.reporters.JUnitXMLReporter -->
<testsuite hostname="KAL14X500SA" ignored="0" name="Test" tests="4" failures="1" timestamp="2021-05-24T13:22:29 NZST" time="9.639" errors="0">
  <testcase name="case1_NameCarbonCredit on [TestCases passed=0 failed=0 skipped=0]" time="8.576" classname="tests.TestCases"/>
  <testcase name="case1_RecordsgetAll on [TestCases passed=0 failed=0 skipped=0]" time="0.172" classname="tests.TestCases"/>
  <testcase name="case2_CanRelist on [TestCases passed=0 failed=0 skipped=0]" time="0.187" classname="tests.TestCases"/>
  <testcase name="case3_Name_equal_Gallery_has_a_Description_that_contains_the_text_2x_larger_image on [TestCases passed=0 failed=0 skipped=0]" time="0.391" classname="tests.TestCases">
    <failure type="java.lang.NullPointerException">
      <![CDATA[java.lang.NullPointerException
at tests.TestCases.case3_Name_equal_Gallery_has_a_Description_that_contains_the_text_2x_larger_image(TestCases.java:69)
at java.util.ArrayList.forEach(ArrayList.java:1257)
... Removed 27 stack frames]]>
    </failure>
  </testcase> <!-- case3_Name_equal_Gallery_has_a_Description_that_contains_the_text_2x_larger_image on [TestCases passed=0 failed=0 skipped=0] -->
</testsuite> <!-- Test -->
