<?xml version="1.0" encoding="UTF-8"?>
<testng-results skipped="0" failed="0" ignored="0" total="0" passed="0">
  <reporter-output>
  </reporter-output>
  <suite name="Surefire suite" duration-ms="155" started-at="2021-06-09T20:06:15 NZST" finished-at="2021-06-09T20:06:16 NZST">
    <groups>
    </groups>
    <test name="Surefire test" duration-ms="155" started-at="2021-06-09T20:06:15 NZST" finished-at="2021-06-09T20:06:16 NZST">
    </test> <!-- Surefire test -->
  </suite> <!-- Surefire suite -->
</testng-results>
