<?xml version="1.0" encoding="UTF-8"?>
<testng-results skipped="0" failed="0" ignored="0" total="1" passed="1">
  <reporter-output>
  </reporter-output>
  <suite name="Command line suite" duration-ms="318" started-at="2021-05-24T01:24:06Z" finished-at="2021-05-24T01:24:07Z">
    <groups>
    </groups>
    <test name="Command line test" duration-ms="318" started-at="2021-05-24T01:24:06Z" finished-at="2021-05-24T01:24:07Z">
      <class name="testAutomationAPI.testAutomationAPI.AppTest">
        <test-method status="PASS" signature="testApp()" name="testApp" duration-ms="91" started-at="2021-05-24T01:24:07Z" finished-at="2021-05-24T01:24:07Z">
          <reporter-output>
          </reporter-output>
        </test-method> <!-- testApp -->
      </class> <!-- testAutomationAPI.testAutomationAPI.AppTest -->
    </test> <!-- Command line test -->
  </suite> <!-- Command line suite -->
</testng-results>
