<?xml version="1.0" encoding="UTF-8"?>
<testng-results skipped="0" failed="0" ignored="0" total="3" passed="3">
  <reporter-output>
  </reporter-output>
  <suite name="Default suite" duration-ms="9210" started-at="2021-06-09T21:51:57 NZST" finished-at="2021-06-09T21:52:06 NZST">
    <groups>
    </groups>
    <test name="Default test" duration-ms="9210" started-at="2021-06-09T21:51:57 NZST" finished-at="2021-06-09T21:52:06 NZST">
      <class name="tests.TestCases">
        <test-method status="PASS" signature="case1_NameCarbonCredit()[pri:0, instance:[TestCases passed=0 failed=0 skipped=0]]" name="case1_NameCarbonCredit" duration-ms="8338" started-at="2021-06-09T21:51:57 NZST" finished-at="2021-06-09T21:52:05 NZST">
          <reporter-output>
          </reporter-output>
        </test-method> <!-- case1_NameCarbonCredit -->
        <test-method status="PASS" signature="case2_CanRelist()[pri:0, instance:[TestCases passed=0 failed=0 skipped=0]]" name="case2_CanRelist" duration-ms="350" started-at="2021-06-09T21:52:05 NZST" finished-at="2021-06-09T21:52:06 NZST">
          <reporter-output>
          </reporter-output>
        </test-method> <!-- case2_CanRelist -->
        <test-method status="PASS" signature="case_RecordsgetAll()[pri:0, instance:[TestCases passed=0 failed=0 skipped=0]]" name="case_RecordsgetAll" duration-ms="358" started-at="2021-06-09T21:52:06 NZST" finished-at="2021-06-09T21:52:06 NZST">
          <reporter-output>
          </reporter-output>
        </test-method> <!-- case_RecordsgetAll -->
      </class> <!-- tests.TestCases -->
    </test> <!-- Default test -->
  </suite> <!-- Default suite -->
</testng-results>
